{"name": "Проверка что при создании наказа счетчик \"Выполнено за все время\" увеличивается", "status": "broken", "statusDetails": {"message": "selenium.common.exceptions.ElementClickInterceptedException: Message: element click intercepted: Element <button type=\"button\" class=\"Modal_modal__close_modified__3V5XS Modal_modal__close__TnseK\">...</button> is not clickable at point (906, 124). Other element would receive the click: <div class=\"Modal_modal_overlay__x2ZCr\"></div>\n  (Session info: chrome=124.0.6367.119)\nStacktrace:\n0   chromedriver                        0x000000010bb3fa78 chromedriver + 5216888\n1   chromedriver                        0x000000010bb376b3 chromedriver + 5183155\n2   chromedriver                        0x000000010b6a9527 chromedriver + 406823\n3   chromedriver                        0x000000010b6fbcf3 chromedriver + 744691\n4   chromedriver                        0x000000010b6f9bc2 chromedriver + 736194\n5   chromedriver                        0x000000010b6f75f7 chromedriver + 726519\n6   chromedriver                        0x000000010b6f69c4 chromedriver + 723396\n7   chromedriver                        0x000000010b6ea009 chromedriver + 671753\n8   chromedriver                        0x000000010b717702 chromedriver + 857858\n9   chromedriver                        0x000000010b6e9998 chromedriver + 670104\n10  chromedriver                        0x000000010b7178be chromedriver + 858302\n11  chromedriver                        0x000000010b7366bf chromedriver + 984767\n12  chromedriver                        0x000000010b7174a3 chromedriver + 857251\n13  chromedriver                        0x000000010b6e7fe3 chromedriver + 663523\n14  chromedriver                        0x000000010b6e892e chromedriver + 665902\n15  chromedriver                        0x000000010bafd990 chromedriver + 4946320\n16  chromedriver                        0x000000010bb03a44 chromedriver + 4971076\n17  chromedriver                        0x000000010bade48e chromedriver + 4818062\n18  chromedriver                        0x000000010bb04559 chromedriver + 4973913\n19  chromedriver                        0x000000010bace714 chromedriver + 4753172\n20  chromedriver                        0x000000010bb26c08 chromedriver + 5114888\n21  chromedriver                        0x000000010bb26dc7 chromedriver + 5115335\n22  chromedriver                        0x000000010bb372d3 chromedriver + 5182163\n23  libsystem_pthread.dylib             0x00007ff803b461d3 _pthread_start + 125\n24  libsystem_pthread.dylib             0x00007ff803b41bd3 thread_start + 15", "trace": "self = <test_orders_feed.TestOrdersFeed object at 0x10e4760c0>, login_page = <pages.login_page.LoginPage object at 0x10e5ab890>\nconstructor_page = <pages.constructor_page.ConstructorPage object at 0x10e5abbf0>, orders_feed_page = <pages.orders_feed_page.OrdersFeedPage object at 0x10e5a96d0>\n\n    @allure.title('Проверка что при создании наказа счетчик \"Выполнено за все время\" увеличивается')\n    def test_order_all_times_counters_update(self, login_page, constructor_page, orders_feed_page):\n        orders_feed_page.open_url(\"feed\")\n        all_times_count_before_order = orders_feed_page.get_all_times_count()\n        login_page.open_url(\"login\")\n        login_page.login(\"denis_pcheliakov_8123@yandex.ru\", \"8123456\")\n        constructor_page.add_ingredient_to_order()\n        constructor_page.submit_order()\n>       constructor_page.close_ingredient_details()\n\ntests/test_orders_feed.py:40: \n_ _ _ _ _ _ _ _ _ _ _ _ _ _ _ _ _ _ _ _ _ _ _ _ _ _ _ _ _ _ _ _ _ _ _ _ _ _ _ _ _ _ _ _ _ _ _ _ _ _ _ _ _ _ _ _ _ _ _ _ _ _ _ _ _ _ _ _ _ _ _ _ _ _ _ _ _ _ _ _ _ _ _ _ _ _ _ _ _ _ _ _ _ _ _ _ _\npages/constructor_page.py:32: in close_ingredient_details\n    self.click_element(ConstructorLocators.CLOSE_DETAILS_BUTTON)\npages/base_page.py:25: in click_element\n    ).click()\n/Library/Frameworks/Python.framework/Versions/3.12/lib/python3.12/site-packages/selenium/webdriver/remote/webelement.py:94: in click\n    self._execute(Command.CLICK_ELEMENT)\n/Library/Frameworks/Python.framework/Versions/3.12/lib/python3.12/site-packages/selenium/webdriver/remote/webelement.py:395: in _execute\n    return self._parent.execute(command, params)\n/Library/Frameworks/Python.framework/Versions/3.12/lib/python3.12/site-packages/selenium/webdriver/remote/webdriver.py:347: in execute\n    self.error_handler.check_response(response)\n_ _ _ _ _ _ _ _ _ _ _ _ _ _ _ _ _ _ _ _ _ _ _ _ _ _ _ _ _ _ _ _ _ _ _ _ _ _ _ _ _ _ _ _ _ _ _ _ _ _ _ _ _ _ _ _ _ _ _ _ _ _ _ _ _ _ _ _ _ _ _ _ _ _ _ _ _ _ _ _ _ _ _ _ _ _ _ _ _ _ _ _ _ _ _ _ _\n\nself = <selenium.webdriver.remote.errorhandler.ErrorHandler object at 0x10e5abb00>\nresponse = {'status': 400, 'value': '{\"value\":{\"error\":\"element click intercepted\",\"message\":\"element click intercepted: Element ...ff803b461d3 _pthread_start + 125\\\\n24  libsystem_pthread.dylib             0x00007ff803b41bd3 thread_start + 15\\\\n\"}}'}\n\n    def check_response(self, response: Dict[str, Any]) -> None:\n        \"\"\"Checks that a JSON response from the WebDriver does not have an\n        error.\n    \n        :Args:\n         - response - The JSON response from the WebDriver server as a dictionary\n           object.\n    \n        :Raises: If the response contains an error message.\n        \"\"\"\n        status = response.get(\"status\", None)\n        if not status or status == ErrorCode.SUCCESS:\n            return\n        value = None\n        message = response.get(\"message\", \"\")\n        screen: str = response.get(\"screen\", \"\")\n        stacktrace = None\n        if isinstance(status, int):\n            value_json = response.get(\"value\", None)\n            if value_json and isinstance(value_json, str):\n                import json\n    \n                try:\n                    value = json.loads(value_json)\n                    if len(value) == 1:\n                        value = value[\"value\"]\n                    status = value.get(\"error\", None)\n                    if not status:\n                        status = value.get(\"status\", ErrorCode.UNKNOWN_ERROR)\n                        message = value.get(\"value\") or value.get(\"message\")\n                        if not isinstance(message, str):\n                            value = message\n                            message = message.get(\"message\")\n                    else:\n                        message = value.get(\"message\", None)\n                except ValueError:\n                    pass\n    \n        exception_class: Type[WebDriverException]\n        e = ErrorCode()\n        error_codes = [item for item in dir(e) if not item.startswith(\"__\")]\n        for error_code in error_codes:\n            error_info = getattr(ErrorCode, error_code)\n            if isinstance(error_info, list) and status in error_info:\n                exception_class = getattr(ExceptionMapping, error_code, WebDriverException)\n                break\n        else:\n            exception_class = WebDriverException\n    \n        if not value:\n            value = response[\"value\"]\n        if isinstance(value, str):\n            raise exception_class(value)\n        if message == \"\" and \"message\" in value:\n            message = value[\"message\"]\n    \n        screen = None  # type: ignore[assignment]\n        if \"screen\" in value:\n            screen = value[\"screen\"]\n    \n        stacktrace = None\n        st_value = value.get(\"stackTrace\") or value.get(\"stacktrace\")\n        if st_value:\n            if isinstance(st_value, str):\n                stacktrace = st_value.split(\"\\n\")\n            else:\n                stacktrace = []\n                try:\n                    for frame in st_value:\n                        line = frame.get(\"lineNumber\", \"\")\n                        file = frame.get(\"fileName\", \"<anonymous>\")\n                        if line:\n                            file = f\"{file}:{line}\"\n                        meth = frame.get(\"methodName\", \"<anonymous>\")\n                        if \"className\" in frame:\n                            meth = f\"{frame['className']}.{meth}\"\n                        msg = \"    at %s (%s)\"\n                        msg = msg % (meth, file)\n                        stacktrace.append(msg)\n                except TypeError:\n                    pass\n        if exception_class == UnexpectedAlertPresentException:\n            alert_text = None\n            if \"data\" in value:\n                alert_text = value[\"data\"].get(\"text\")\n            elif \"alert\" in value:\n                alert_text = value[\"alert\"].get(\"text\")\n            raise exception_class(message, screen, stacktrace, alert_text)  # type: ignore[call-arg]  # mypy is not smart enough here\n>       raise exception_class(message, screen, stacktrace)\nE       selenium.common.exceptions.ElementClickInterceptedException: Message: element click intercepted: Element <button type=\"button\" class=\"Modal_modal__close_modified__3V5XS Modal_modal__close__TnseK\">...</button> is not clickable at point (906, 124). Other element would receive the click: <div class=\"Modal_modal_overlay__x2ZCr\"></div>\nE         (Session info: chrome=124.0.6367.119)\nE       Stacktrace:\nE       0   chromedriver                        0x000000010bb3fa78 chromedriver + 5216888\nE       1   chromedriver                        0x000000010bb376b3 chromedriver + 5183155\nE       2   chromedriver                        0x000000010b6a9527 chromedriver + 406823\nE       3   chromedriver                        0x000000010b6fbcf3 chromedriver + 744691\nE       4   chromedriver                        0x000000010b6f9bc2 chromedriver + 736194\nE       5   chromedriver                        0x000000010b6f75f7 chromedriver + 726519\nE       6   chromedriver                        0x000000010b6f69c4 chromedriver + 723396\nE       7   chromedriver                        0x000000010b6ea009 chromedriver + 671753\nE       8   chromedriver                        0x000000010b717702 chromedriver + 857858\nE       9   chromedriver                        0x000000010b6e9998 chromedriver + 670104\nE       10  chromedriver                        0x000000010b7178be chromedriver + 858302\nE       11  chromedriver                        0x000000010b7366bf chromedriver + 984767\nE       12  chromedriver                        0x000000010b7174a3 chromedriver + 857251\nE       13  chromedriver                        0x000000010b6e7fe3 chromedriver + 663523\nE       14  chromedriver                        0x000000010b6e892e chromedriver + 665902\nE       15  chromedriver                        0x000000010bafd990 chromedriver + 4946320\nE       16  chromedriver                        0x000000010bb03a44 chromedriver + 4971076\nE       17  chromedriver                        0x000000010bade48e chromedriver + 4818062\nE       18  chromedriver                        0x000000010bb04559 chromedriver + 4973913\nE       19  chromedriver                        0x000000010bace714 chromedriver + 4753172\nE       20  chromedriver                        0x000000010bb26c08 chromedriver + 5114888\nE       21  chromedriver                        0x000000010bb26dc7 chromedriver + 5115335\nE       22  chromedriver                        0x000000010bb372d3 chromedriver + 5182163\nE       23  libsystem_pthread.dylib             0x00007ff803b461d3 _pthread_start + 125\nE       24  libsystem_pthread.dylib             0x00007ff803b41bd3 thread_start + 15\n\n/Library/Frameworks/Python.framework/Versions/3.12/lib/python3.12/site-packages/selenium/webdriver/remote/errorhandler.py:229: ElementClickInterceptedException"}, "steps": [{"status": "passed", "parameters": [{"name": "endpoint", "value": "'feed'"}], "start": 1720360437076, "stop": 1720360442233}, {"status": "passed", "steps": [{"status": "passed", "parameters": [{"name": "locator", "value": "('xpath', '/html/body/div/div/main/div/div/div/div[2]/p[2]')"}, {"name": "time", "value": "20"}], "start": 1720360442234, "stop": 1720360442248}], "start": 1720360442233, "stop": 1720360442264}, {"status": "passed", "parameters": [{"name": "endpoint", "value": "'login'"}], "start": 1720360442264, "stop": 1720360442913}, {"status": "passed", "steps": [{"status": "passed", "steps": [{"status": "passed", "parameters": [{"name": "locator", "value": "('xpath', \".//label[text() = 'Email']/following-sibling::input\")"}, {"name": "time", "value": "10"}], "start": 1720360442914, "stop": 1720360442929}], "parameters": [{"name": "locator", "value": "('xpath', \".//label[text() = 'Email']/following-sibling::input\")"}, {"name": "text", "value": "'denis_pcheliakov_8123@yandex.ru'"}, {"name": "time", "value": "10"}], "start": 1720360442914, "stop": 1720360443230}, {"status": "passed", "steps": [{"status": "passed", "parameters": [{"name": "locator", "value": "('xpath', \".//label[text() = 'Пароль']/following-sibling::input\")"}, {"name": "time", "value": "10"}], "start": 1720360443231, "stop": 1720360443244}], "parameters": [{"name": "locator", "value": "('xpath', \".//label[text() = 'Пароль']/following-sibling::input\")"}, {"name": "text", "value": "'8123456'"}, {"name": "time", "value": "10"}], "start": 1720360443231, "stop": 1720360443320}, {"status": "passed", "steps": [{"status": "passed", "parameters": [{"name": "locator", "value": "('xpath', '/html/body/div/div/main/div/form/button')"}, {"name": "time", "value": "20"}], "start": 1720360443320, "stop": 1720360443333}], "parameters": [{"name": "locator", "value": "('xpath', '/html/body/div/div/main/div/form/button')"}, {"name": "time", "value": "20"}], "start": 1720360443320, "stop": 1720360443399}], "parameters": [{"name": "email", "value": "'denis_pcheliakov_8123@yandex.ru'"}, {"name": "password", "value": "'8123456'"}], "start": 1720360442914, "stop": 1720360443399}, {"status": "passed", "steps": [{"status": "passed", "parameters": [{"name": "locator", "value": "('xpath', \".//img[@alt='Флюоресцентная булка R2-D3']\")"}, {"name": "time", "value": "20"}], "start": 1720360443400, "stop": 1720360443939}, {"status": "passed", "parameters": [{"name": "locator", "value": "('xpath', \".//ul[contains(@class, 'BurgerConstructor_basket__list')]\")"}, {"name": "time", "value": "20"}], "start": 1720360443939, "stop": 1720360443950}], "start": 1720360443400, "stop": 1720360443967}, {"status": "passed", "steps": [{"status": "passed", "steps": [{"status": "passed", "parameters": [{"name": "locator", "value": "('xpath', '/html/body/div/div/main/section[2]/div/button')"}, {"name": "time", "value": "20"}], "start": 1720360443967, "stop": 1720360443980}], "parameters": [{"name": "locator", "value": "('xpath', '/html/body/div/div/main/section[2]/div/button')"}, {"name": "time", "value": "20"}], "start": 1720360443967, "stop": 1720360444032}], "start": 1720360443967, "stop": 1720360444032}, {"status": "broken", "statusDetails": {"message": "selenium.common.exceptions.ElementClickInterceptedException: Message: element click intercepted: Element <button type=\"button\" class=\"Modal_modal__close_modified__3V5XS Modal_modal__close__TnseK\">...</button> is not clickable at point (906, 124). Other element would receive the click: <div class=\"Modal_modal_overlay__x2ZCr\"></div>\n  (Session info: chrome=124.0.6367.119)\nStacktrace:\n0   chromedriver                        0x000000010bb3fa78 chromedriver + 5216888\n1   chromedriver                        0x000000010bb376b3 chromedriver + 5183155\n2   chromedriver                        0x000000010b6a9527 chromedriver + 406823\n3   chromedriver                        0x000000010b6fbcf3 chromedriver + 744691\n4   chromedriver                        0x000000010b6f9bc2 chromedriver + 736194\n5   chromedriver                        0x000000010b6f75f7 chromedriver + 726519\n6   chromedriver                        0x000000010b6f69c4 chromedriver + 723396\n7   chromedriver                        0x000000010b6ea009 chromedriver + 671753\n8   chromedriver                        0x000000010b717702 chromedriver + 857858\n9   chromedriver                        0x000000010b6e9998 chromedriver + 670104\n10  chromedriver                        0x000000010b7178be chromedriver + 858302\n11  chromedriver                        0x000000010b7366bf chromedriver + 984767\n12  chromedriver                        0x000000010b7174a3 chromedriver + 857251\n13  chromedriver                        0x000000010b6e7fe3 chromedriver + 663523\n14  chromedriver                        0x000000010b6e892e chromedriver + 665902\n15  chromedriver                        0x000000010bafd990 chromedriver + 4946320\n16  chromedriver                        0x000000010bb03a44 chromedriver + 4971076\n17  chromedriver                        0x000000010bade48e chromedriver + 4818062\n18  chromedriver                        0x000000010bb04559 chromedriver + 4973913\n19  chromedriver                        0x000000010bace714 chromedriver + 4753172\n20  chromedriver                        0x000000010bb26c08 chromedriver + 5114888\n21  chromedriver                        0x000000010bb26dc7 chromedriver + 5115335\n22  chromedriver                        0x000000010bb372d3 chromedriver + 5182163\n23  libsystem_pthread.dylib             0x00007ff803b461d3 _pthread_start + 125\n24  libsystem_pthread.dylib             0x00007ff803b41bd3 thread_start + 15\n\n", "trace": "  File \"/Library/Frameworks/Python.framework/Versions/3.12/lib/python3.12/site-packages/allure_commons/_allure.py\", line 192, in impl\n    return func(*a, **kw)\n           ^^^^^^^^^^^^^^\n  File \"/Users/dapchelyak/Диплом — копия (3)/Diplom_3/pages/constructor_page.py\", line 32, in close_ingredient_details\n    self.click_element(ConstructorLocators.CLOSE_DETAILS_BUTTON)\n  File \"/Library/Frameworks/Python.framework/Versions/3.12/lib/python3.12/site-packages/allure_commons/_allure.py\", line 192, in impl\n    return func(*a, **kw)\n           ^^^^^^^^^^^^^^\n  File \"/Users/dapchelyak/Диплом — копия (3)/Diplom_3/pages/base_page.py\", line 25, in click_element\n    ).click()\n      ^^^^^^^\n  File \"/Library/Frameworks/Python.framework/Versions/3.12/lib/python3.12/site-packages/selenium/webdriver/remote/webelement.py\", line 94, in click\n    self._execute(Command.CLICK_ELEMENT)\n  File \"/Library/Frameworks/Python.framework/Versions/3.12/lib/python3.12/site-packages/selenium/webdriver/remote/webelement.py\", line 395, in _execute\n    return self._parent.execute(command, params)\n           ^^^^^^^^^^^^^^^^^^^^^^^^^^^^^^^^^^^^^\n  File \"/Library/Frameworks/Python.framework/Versions/3.12/lib/python3.12/site-packages/selenium/webdriver/remote/webdriver.py\", line 347, in execute\n    self.error_handler.check_response(response)\n  File \"/Library/Frameworks/Python.framework/Versions/3.12/lib/python3.12/site-packages/selenium/webdriver/remote/errorhandler.py\", line 229, in check_response\n    raise exception_class(message, screen, stacktrace)\n"}, "steps": [{"status": "passed", "parameters": [{"name": "locator", "value": "('xpath', \"(.//button[@type='button' and contains(@class, 'modal__close')])[1]\")"}], "start": 1720360444032, "stop": 1720360444576}, {"status": "broken", "statusDetails": {"message": "selenium.common.exceptions.ElementClickInterceptedException: Message: element click intercepted: Element <button type=\"button\" class=\"Modal_modal__close_modified__3V5XS Modal_modal__close__TnseK\">...</button> is not clickable at point (906, 124). Other element would receive the click: <div class=\"Modal_modal_overlay__x2ZCr\"></div>\n  (Session info: chrome=124.0.6367.119)\nStacktrace:\n0   chromedriver                        0x000000010bb3fa78 chromedriver + 5216888\n1   chromedriver                        0x000000010bb376b3 chromedriver + 5183155\n2   chromedriver                        0x000000010b6a9527 chromedriver + 406823\n3   chromedriver                        0x000000010b6fbcf3 chromedriver + 744691\n4   chromedriver                        0x000000010b6f9bc2 chromedriver + 736194\n5   chromedriver                        0x000000010b6f75f7 chromedriver + 726519\n6   chromedriver                        0x000000010b6f69c4 chromedriver + 723396\n7   chromedriver                        0x000000010b6ea009 chromedriver + 671753\n8   chromedriver                        0x000000010b717702 chromedriver + 857858\n9   chromedriver                        0x000000010b6e9998 chromedriver + 670104\n10  chromedriver                        0x000000010b7178be chromedriver + 858302\n11  chromedriver                        0x000000010b7366bf chromedriver + 984767\n12  chromedriver                        0x000000010b7174a3 chromedriver + 857251\n13  chromedriver                        0x000000010b6e7fe3 chromedriver + 663523\n14  chromedriver                        0x000000010b6e892e chromedriver + 665902\n15  chromedriver                        0x000000010bafd990 chromedriver + 4946320\n16  chromedriver                        0x000000010bb03a44 chromedriver + 4971076\n17  chromedriver                        0x000000010bade48e chromedriver + 4818062\n18  chromedriver                        0x000000010bb04559 chromedriver + 4973913\n19  chromedriver                        0x000000010bace714 chromedriver + 4753172\n20  chromedriver                        0x000000010bb26c08 chromedriver + 5114888\n21  chromedriver                        0x000000010bb26dc7 chromedriver + 5115335\n22  chromedriver                        0x000000010bb372d3 chromedriver + 5182163\n23  libsystem_pthread.dylib             0x00007ff803b461d3 _pthread_start + 125\n24  libsystem_pthread.dylib             0x00007ff803b41bd3 thread_start + 15\n\n", "trace": "  File \"/Library/Frameworks/Python.framework/Versions/3.12/lib/python3.12/site-packages/allure_commons/_allure.py\", line 192, in impl\n    return func(*a, **kw)\n           ^^^^^^^^^^^^^^\n  File \"/Users/dapchelyak/Диплом — копия (3)/Diplom_3/pages/base_page.py\", line 25, in click_element\n    ).click()\n      ^^^^^^^\n  File \"/Library/Frameworks/Python.framework/Versions/3.12/lib/python3.12/site-packages/selenium/webdriver/remote/webelement.py\", line 94, in click\n    self._execute(Command.CLICK_ELEMENT)\n  File \"/Library/Frameworks/Python.framework/Versions/3.12/lib/python3.12/site-packages/selenium/webdriver/remote/webelement.py\", line 395, in _execute\n    return self._parent.execute(command, params)\n           ^^^^^^^^^^^^^^^^^^^^^^^^^^^^^^^^^^^^^\n  File \"/Library/Frameworks/Python.framework/Versions/3.12/lib/python3.12/site-packages/selenium/webdriver/remote/webdriver.py\", line 347, in execute\n    self.error_handler.check_response(response)\n  File \"/Library/Frameworks/Python.framework/Versions/3.12/lib/python3.12/site-packages/selenium/webdriver/remote/errorhandler.py\", line 229, in check_response\n    raise exception_class(message, screen, stacktrace)\n"}, "steps": [{"status": "passed", "parameters": [{"name": "locator", "value": "('xpath', \"(.//button[@type='button' and contains(@class, 'modal__close')])[1]\")"}, {"name": "time", "value": "20"}], "start": 1720360444576, "stop": 1720360444583}], "parameters": [{"name": "locator", "value": "('xpath', \"(.//button[@type='button' and contains(@class, 'modal__close')])[1]\")"}, {"name": "time", "value": "20"}], "start": 1720360444576, "stop": 1720360445682}], "start": 1720360444032, "stop": 1720360445702}], "parameters": [{"name": "setup", "value": "'chrome'"}], "start": 1720360437075, "stop": 1720360445711, "uuid": "e6cb0373-df9f-4eaa-8a89-faf641095f2e", "historyId": "0ea8f848eb8679153151c246df05be37", "testCaseId": "e54b8d03473d5bfa9477521411336f10", "fullName": "tests.test_orders_feed.TestOrdersFeed#test_order_all_times_counters_update", "labels": [{"name": "tag", "value": "@pytest.mark.usefixtures('setup')"}, {"name": "parentSuite", "value": "tests"}, {"name": "suite", "value": "test_orders_feed"}, {"name": "subSuite", "value": "TestOrdersFeed"}, {"name": "host", "value": "0000NBB03CJLVCF"}, {"name": "thread", "value": "11288-MainThread"}, {"name": "framework", "value": "pytest"}, {"name": "language", "value": "cpython3"}, {"name": "package", "value": "tests.test_orders_feed"}]}